Deprecated cache directory found (C:\Users\JD\.allennlp\datasets).  Please remove this directory from your system to free up space.
 * Serving Flask app "main" (lazy loading)
 * Environment: production
   WARNING: Do not use the development server in a production environment.
   Use a production WSGI server instead.
 * Debug mode: on
12/25/2018 17:55:56 - INFO - werkzeug -    * Restarting with stat
Deprecated cache directory found (C:\Users\JD\.allennlp\datasets).  Please remove this directory from your system to free up space.
12/25/2018 17:56:00 - WARNING - werkzeug -    * Debugger is active!
12/25/2018 17:56:00 - INFO - werkzeug -    * Debugger PIN: 729-795-044
12/25/2018 17:56:01 - INFO - werkzeug -    * Running on http://0.0.0.0:80/ (Press CTRL+C to quit)
12/25/2018 17:57:28 - INFO - werkzeug -   127.0.0.1 - - [25/Dec/2018 17:57:28] "OPTIONS /api/abstractive_summarize HTTP/1.1" 200 -
 Frame is the notebook that talks back!?
    FRAME WILL ALLOW YOU TO DO GREAT THINGS.

!?
Like, getting informed answers within the context of your notes, from questions you ask in natural language.

!?
And, automatically generating summaries of your data as you save, allowing you to easily navigate your entries to find and study the most important parts.

!?
 Also, extracting key items of information like names, dates, phone numbers, and other entities, and outputting visualizations in a seamless dashboard!?
Just click the Ask / Analyze tab to immediately see what Frame has to offer!?
Download the app at http://github.

!?
com/jddunn/frame now while it's fresh and buggy still!?
 (So don't be clicking through your entries too fast or it'll stress out).

!?
Warning: This is a temporary site host for Frame, so you must export your data and save it to your computer, or it will be eventually removed.

!?
12/25/2018 17:57:28 - INFO - werkzeug -   127.0.0.1 - - [25/Dec/2018 17:57:28] "POST /api/abstractive_summarize HTTP/1.1" 200 -
12/25/2018 17:57:29 - INFO - werkzeug -   127.0.0.1 - - [25/Dec/2018 17:57:29] "OPTIONS /api/abstractive_summarize_paragraphs HTTP/1.1" 200 -
THIS IS A HOMEPAGE.

!?
 Frame is the notebook that talks back!?
    FRAME WILL ALLOW YOU TO DO GREAT THINGS.

!?
Like, getting informed answers within the context of your notes, from questions you ask in natural language.

!?
And, automatically generating summaries of your data as you save, allowing you to easily navigate your entries to find and study the most important parts.

!?
 Also, extracting key items of information like names, dates, phone numbers, and other entities, and outputting visualizations in a seamless dashboard!?
Just click the Ask / Analyze tab to immediately see what Frame has to offer!?
Download the app at http://github.

!?
com/jddunn/frame now while it's fresh and buggy still!?
 (So don't be clicking through your entries too fast or it'll stress out).

!?
 Currently, only a Windows version is built, since I don't have a Mac.

!?
Or, you can use Frame right now, on this site, to store and export your entries.

!?
Warning: This is a temporary site host for Frame, so you must export your data and save it to your computer, or it will be eventually removed.

!?
 This is NOT a production-ready site; this version wasn't designed to handle large traffic, but to be a self-contained, out-of-the-box ready package to be distributed for local offline usage.

!?
 Eventually, a hosted version of Frame will be served with authentication, secure storage, and cloud synchronization and more.

!?
 .

!?
12/25/2018 17:57:29 - INFO - werkzeug -   127.0.0.1 - - [25/Dec/2018 17:57:29] "POST /api/abstractive_summarize_paragraphs HTTP/1.1" 200 -
Woo, made this here with all the ice on in the boothAt the gate outside, when they pull up, they get me looseYeah, Jump Out boys, that's Nike boys, hoppin' out coupesThis shit way too big, when we pull up, give me the loot(Gimme the loot!?
)Was off the Remy, had a PapooseHad to hit my old town to duck the newsTwo four hour lockdown, we made no movesNow it's 4 AM and I'm back up poppin' with the crewI just landed in, Chase B mix this pop like Jamba JuiceDifferent colored chains, think my jeweler really sellin' fruitsAnd they chokin', man, know the crackers wish it was a noose 
!?
Some-Some-Some-Someone saidTo win the retreat, we all in too deepPl-Pl-Playin' for keeps, don't play us for weak (Someone said)To win the retreat, we all in too deepPl-Pl-Playin' for keeps, d